mode: set
github.com/andreadebortoli2/GO-bnb/cmd/web/main.go:23.13,26.16 2 0
github.com/andreadebortoli2/GO-bnb/cmd/web/main.go:26.16,28.3 1 0
github.com/andreadebortoli2/GO-bnb/cmd/web/main.go:31.2,37.16 4 0
github.com/andreadebortoli2/GO-bnb/cmd/web/main.go:40.18,59.16 11 1
github.com/andreadebortoli2/GO-bnb/cmd/web/main.go:59.16,62.3 2 0
github.com/andreadebortoli2/GO-bnb/cmd/web/main.go:63.2,72.12 5 1
github.com/andreadebortoli2/GO-bnb/cmd/web/middleware.go:10.45,20.2 3 1
github.com/andreadebortoli2/GO-bnb/cmd/web/middleware.go:23.50,25.2 1 1
github.com/andreadebortoli2/GO-bnb/cmd/web/routes.go:13.49,43.2 18 1
