mode: set
github.com/andreadebortoli2/GO-bnb/internal/handlers/handlers.go:24.47,28.2 1 1
github.com/andreadebortoli2/GO-bnb/internal/handlers/handlers.go:31.33,33.2 1 1
github.com/andreadebortoli2/GO-bnb/internal/handlers/handlers.go:36.67,43.2 3 1
github.com/andreadebortoli2/GO-bnb/internal/handlers/handlers.go:46.68,59.2 5 1
github.com/andreadebortoli2/GO-bnb/internal/handlers/handlers.go:62.71,64.2 1 1
github.com/andreadebortoli2/GO-bnb/internal/handlers/handlers.go:67.69,69.2 1 1
github.com/andreadebortoli2/GO-bnb/internal/handlers/handlers.go:72.70,74.2 1 1
github.com/andreadebortoli2/GO-bnb/internal/handlers/handlers.go:77.75,79.2 1 1
github.com/andreadebortoli2/GO-bnb/internal/handlers/handlers.go:82.79,86.2 3 1
github.com/andreadebortoli2/GO-bnb/internal/handlers/handlers.go:94.79,101.16 3 1
github.com/andreadebortoli2/GO-bnb/internal/handlers/handlers.go:101.16,103.3 1 0
github.com/andreadebortoli2/GO-bnb/internal/handlers/handlers.go:105.2,106.28 2 1
github.com/andreadebortoli2/GO-bnb/internal/handlers/handlers.go:110.74,118.2 4 1
github.com/andreadebortoli2/GO-bnb/internal/handlers/handlers.go:121.78,123.16 2 1
github.com/andreadebortoli2/GO-bnb/internal/handlers/handlers.go:123.16,126.3 2 0
github.com/andreadebortoli2/GO-bnb/internal/handlers/handlers.go:128.2,143.19 6 1
github.com/andreadebortoli2/GO-bnb/internal/handlers/handlers.go:143.19,151.3 4 0
github.com/andreadebortoli2/GO-bnb/internal/handlers/handlers.go:154.2,157.66 2 1
github.com/andreadebortoli2/GO-bnb/internal/handlers/handlers.go:160.81,163.9 2 1
github.com/andreadebortoli2/GO-bnb/internal/handlers/handlers.go:163.9,169.3 4 1
github.com/andreadebortoli2/GO-bnb/internal/handlers/handlers.go:171.2,176.4 4 0
